<?xml version="1.0" encoding="UTF-8"?>
<testsuite xmlns:xsi="http://www.w3.org/2001/XMLSchema-instance" xsi:noNamespaceSchemaLocation="https://maven.apache.org/surefire/maven-surefire-plugin/xsd/surefire-test-report.xsd" name="unidevteam.AppTest" time="0.064" tests="1" errors="0" skipped="0" failures="0">
  <properties>
    <property name="sun.desktop" value="windows"/>
    <property name="awt.toolkit" value="sun.awt.windows.WToolkit"/>
    <property name="java.specification.version" value="11"/>
    <property name="sun.cpu.isalist" value="amd64"/>
    <property name="sun.jnu.encoding" value="Cp1252"/>
    <property name="java.class.path" value="C:\Users\39346\Development\Java\Progetto-Lab-B\server\target\test-classes;C:\Users\39346\Development\Java\Progetto-Lab-B\server\target\classes;C:\Users\39346\.m2\repository\junit\junit\4.13.2\junit-4.13.2.jar;C:\Users\39346\.m2\repository\org\hamcrest\hamcrest-core\1.3\hamcrest-core-1.3.jar;C:\Users\39346\.m2\repository\org\postgresql\postgresql\42.2.23\postgresql-42.2.23.jar;C:\Users\39346\.m2\repository\org\checkerframework\checker-qual\3.5.0\checker-qual-3.5.0.jar;C:\Users\39346\.m2\repository\org\openjfx\javafx-fxml\18-ea+2\javafx-fxml-18-ea+2.jar;C:\Users\39346\.m2\repository\org\openjfx\javafx-fxml\18-ea+2\javafx-fxml-18-ea+2-win.jar;C:\Users\39346\.m2\repository\org\openjfx\javafx-controls\18-ea+2\javafx-controls-18-ea+2.jar;C:\Users\39346\.m2\repository\org\openjfx\javafx-controls\18-ea+2\javafx-controls-18-ea+2-win.jar;C:\Users\39346\.m2\repository\org\openjfx\javafx-graphics\18-ea+2\javafx-graphics-18-ea+2.jar;C:\Users\39346\.m2\repository\org\openjfx\javafx-graphics\18-ea+2\javafx-graphics-18-ea+2-win.jar;C:\Users\39346\.m2\repository\org\openjfx\javafx-base\18-ea+2\javafx-base-18-ea+2.jar;C:\Users\39346\.m2\repository\org\openjfx\javafx-base\18-ea+2\javafx-base-18-ea+2-win.jar;"/>
    <property name="java.vm.vendor" value="Eclipse Foundation"/>
    <property name="sun.arch.data.model" value="64"/>
    <property name="user.variant" value=""/>
    <property name="java.vendor.url" value="https://adoptium.net/"/>
    <property name="user.timezone" value="Europe/Berlin"/>
    <property name="descriptorId" value="jar-with-dependencies"/>
    <property name="java.vm.specification.version" value="11"/>
    <property name="os.name" value="Windows 10"/>
    <property name="sun.java.launcher" value="SUN_STANDARD"/>
    <property name="user.country" value="IT"/>
    <property name="sun.boot.library.path" value="C:\Users\39346\AppData\Local\Programs\Eclipse Foundation\jdk-11.0.12.7-hotspot\bin"/>
    <property name="sun.java.command" value="C:\Users\39346\AppData\Local\Temp\surefire10403984987756194210\surefirebooter11350056564008955697.jar C:\Users\39346\AppData\Local\Temp\surefire10403984987756194210 2021-09-24T23-31-48_325-jvmRun1 surefire6001758887789685442tmp surefire_08410982912604137114tmp"/>
    <property name="jdk.debug" value="release"/>
    <property name="surefire.test.class.path" value="C:\Users\39346\Development\Java\Progetto-Lab-B\server\target\test-classes;C:\Users\39346\Development\Java\Progetto-Lab-B\server\target\classes;C:\Users\39346\.m2\repository\junit\junit\4.13.2\junit-4.13.2.jar;C:\Users\39346\.m2\repository\org\hamcrest\hamcrest-core\1.3\hamcrest-core-1.3.jar;C:\Users\39346\.m2\repository\org\postgresql\postgresql\42.2.23\postgresql-42.2.23.jar;C:\Users\39346\.m2\repository\org\checkerframework\checker-qual\3.5.0\checker-qual-3.5.0.jar;C:\Users\39346\.m2\repository\org\openjfx\javafx-fxml\18-ea+2\javafx-fxml-18-ea+2.jar;C:\Users\39346\.m2\repository\org\openjfx\javafx-fxml\18-ea+2\javafx-fxml-18-ea+2-win.jar;C:\Users\39346\.m2\repository\org\openjfx\javafx-controls\18-ea+2\javafx-controls-18-ea+2.jar;C:\Users\39346\.m2\repository\org\openjfx\javafx-controls\18-ea+2\javafx-controls-18-ea+2-win.jar;C:\Users\39346\.m2\repository\org\openjfx\javafx-graphics\18-ea+2\javafx-graphics-18-ea+2.jar;C:\Users\39346\.m2\repository\org\openjfx\javafx-graphics\18-ea+2\javafx-graphics-18-ea+2-win.jar;C:\Users\39346\.m2\repository\org\openjfx\javafx-base\18-ea+2\javafx-base-18-ea+2.jar;C:\Users\39346\.m2\repository\org\openjfx\javafx-base\18-ea+2\javafx-base-18-ea+2-win.jar;"/>
    <property name="sun.cpu.endian" value="little"/>
    <property name="user.home" value="C:\Users\39346"/>
    <property name="user.language" value="it"/>
    <property name="java.specification.vendor" value="Oracle Corporation"/>
    <property name="java.version.date" value="2021-07-20"/>
    <property name="java.home" value="C:\Users\39346\AppData\Local\Programs\Eclipse Foundation\jdk-11.0.12.7-hotspot"/>
    <property name="file.separator" value="\"/>
    <property name="basedir" value="C:\Users\39346\Development\Java\Progetto-Lab-B\server"/>
    <property name="java.vm.compressedOopsMode" value="Zero based"/>
    <property name="line.separator" value="&#10;"/>
    <property name="java.specification.name" value="Java Platform API Specification"/>
    <property name="java.vm.specification.vendor" value="Oracle Corporation"/>
    <property name="java.awt.graphicsenv" value="sun.awt.Win32GraphicsEnvironment"/>
    <property name="surefire.real.class.path" value="C:\Users\39346\AppData\Local\Temp\surefire10403984987756194210\surefirebooter11350056564008955697.jar"/>
    <property name="user.script" value=""/>
    <property name="sun.management.compiler" value="HotSpot 64-Bit Tiered Compilers"/>
    <property name="java.runtime.version" value="11.0.12+7"/>
    <property name="user.name" value="39346"/>
    <property name="path.separator" value=";"/>
    <property name="os.version" value="10.0"/>
    <property name="java.runtime.name" value="OpenJDK Runtime Environment"/>
    <property name="file.encoding" value="Cp1252"/>
    <property name="java.vm.name" value="OpenJDK 64-Bit Server VM"/>
    <property name="java.vendor.version" value="Temurin-11.0.12+7"/>
    <property name="localRepository" value="C:\Users\39346\.m2\repository"/>
    <property name="java.vendor.url.bug" value="https://github.com/adoptium/adoptium-support/issues"/>
    <property name="java.io.tmpdir" value="C:\Users\39346\AppData\Local\Temp\"/>
    <property name="java.version" value="11.0.12"/>
    <property name="user.dir" value="C:\Users\39346\Development\Java\Progetto-Lab-B\server"/>
    <property name="os.arch" value="amd64"/>
    <property name="java.vm.specification.name" value="Java Virtual Machine Specification"/>
    <property name="java.awt.printerjob" value="sun.awt.windows.WPrinterJob"/>
    <property name="sun.os.patch.level" value=""/>
    <property name="java.library.path" value="C:\Users\39346\AppData\Local\Programs\Eclipse Foundation\jdk-11.0.12.7-hotspot\bin;C:\Windows\Sun\Java\bin;C:\Windows\system32;C:\Windows;C:\Windows\system32;C:\Windows;C:\Windows\System32\Wbem;C:\Windows\System32\WindowsPowerShell\v1.0\;C:\Windows\System32\OpenSSH\;C:\Program Files\Git\cmd;C:\Users\39346\AppData\Local\Programs\Eclipse Foundation\jdk-11.0.12.7-hotspot\bin;C:\Users\39346\AppData\Local\Microsoft\WindowsApps;C:\Users\39346\AppData\Local\Programs\Microsoft VS Code\bin;C:\Program Files\Apache\maven-3.8.2\bin;."/>
    <property name="java.vm.info" value="mixed mode"/>
    <property name="java.vendor" value="Eclipse Foundation"/>
    <property name="java.vm.version" value="11.0.12+7"/>
    <property name="sun.io.unicode.encoding" value="UnicodeLittle"/>
    <property name="java.class.version" value="55.0"/>
  </properties>
  <testcase name="shouldAnswerWithTrue" classname="unidevteam.AppTest" time="0.003"/>
</testsuite>